{"level":"\u001b[32minfo\u001b[39m","message":"Connected to MongoDB","timestamp":"2025-03-19T18:47:06.907Z"}
{"level":"\u001b[32minfo\u001b[39m","message":"⚡ Server running on port 8080 ⚡","timestamp":"2025-03-19T18:47:06.917Z"}
{"level":"\u001b[32minfo\u001b[39m","message":"Connected to MongoDB","timestamp":"2025-03-19T19:37:22.296Z"}
{"level":"\u001b[32minfo\u001b[39m","message":"⚡ Server running on port 8080 ⚡","timestamp":"2025-03-19T19:37:22.304Z"}
{"level":"\u001b[32minfo\u001b[39m","message":"Connected to MongoDB","timestamp":"2025-03-19T19:38:54.372Z"}
{"level":"\u001b[32minfo\u001b[39m","message":"⚡ Server running on port 8080 ⚡","timestamp":"2025-03-19T19:38:54.377Z"}
{"level":"\u001b[32minfo\u001b[39m","message":"Connected to MongoDB","timestamp":"2025-03-19T19:40:44.721Z"}
{"level":"\u001b[32minfo\u001b[39m","message":"⚡ Server running on port 8080 ⚡","timestamp":"2025-03-19T19:40:44.726Z"}
{"level":"\u001b[32minfo\u001b[39m","message":"Connected to MongoDB","timestamp":"2025-03-19T19:47:11.613Z"}
{"level":"\u001b[32minfo\u001b[39m","message":"⚡ Server running on port 8080 ⚡","timestamp":"2025-03-19T19:47:11.621Z"}
{"level":"\u001b[32minfo\u001b[39m","message":"Connected to MongoDB","timestamp":"2025-03-19T19:51:11.792Z"}
{"level":"\u001b[32minfo\u001b[39m","message":"⚡ Server running on port 8080 ⚡","timestamp":"2025-03-19T19:51:11.799Z"}
{"level":"\u001b[32minfo\u001b[39m","message":"{\"method\":\"GET\",\"url\":\"/v1/api/ping\",\"status\":\"200\",\"responseTime\":\"2.148\"}","timestamp":"2025-03-19T19:51:46.011Z"}
{"level":"\u001b[31merror\u001b[39m","message":"Error sending email: Error: connect ECONNREFUSED 127.0.0.1:465","timestamp":"2025-03-19T19:56:43.609Z"}
{"level":"\u001b[31merror\u001b[39m","message":"Error creating user: Error: Failed to send email","timestamp":"2025-03-19T19:56:43.610Z"}
{"level":"\u001b[32minfo\u001b[39m","message":"{\"method\":\"POST\",\"url\":\"/v1/api/auth/register\",\"status\":\"400\",\"responseTime\":\"2871.315\"}","timestamp":"2025-03-19T19:56:43.611Z"}
{"level":"\u001b[32minfo\u001b[39m","message":"Connected to MongoDB","timestamp":"2025-03-19T20:00:10.224Z"}
{"level":"\u001b[32minfo\u001b[39m","message":"⚡ Server running on port 8080 ⚡","timestamp":"2025-03-19T20:00:10.230Z"}
{"level":"\u001b[31merror\u001b[39m","message":"Error sending email: Error: connect ECONNREFUSED 127.0.0.1:465","timestamp":"2025-03-19T20:00:13.503Z"}
{"level":"\u001b[31merror\u001b[39m","message":"Error creating user: Error: Failed to send email","timestamp":"2025-03-19T20:00:13.504Z"}
{"level":"\u001b[32minfo\u001b[39m","message":"{\"method\":\"POST\",\"url\":\"/v1/api/auth/register\",\"status\":\"400\",\"responseTime\":\"743.610\"}","timestamp":"2025-03-19T20:00:13.508Z"}
{"level":"\u001b[32minfo\u001b[39m","message":"Connected to MongoDB","timestamp":"2025-03-19T20:01:40.181Z"}
{"level":"\u001b[32minfo\u001b[39m","message":"⚡ Server running on port 8080 ⚡","timestamp":"2025-03-19T20:01:40.189Z"}
{"level":"\u001b[31merror\u001b[39m","message":"Error sending email: Error: connect ECONNREFUSED 127.0.0.1:587","timestamp":"2025-03-19T20:02:21.164Z"}
{"level":"\u001b[31merror\u001b[39m","message":"Error creating user: Error: Failed to send email","timestamp":"2025-03-19T20:02:21.165Z"}
{"level":"\u001b[32minfo\u001b[39m","message":"{\"method\":\"POST\",\"url\":\"/v1/api/auth/register\",\"status\":\"400\",\"responseTime\":\"773.469\"}","timestamp":"2025-03-19T20:02:21.169Z"}
{"level":"\u001b[32minfo\u001b[39m","message":"Connected to MongoDB","timestamp":"2025-03-19T20:03:29.022Z"}
{"level":"\u001b[32minfo\u001b[39m","message":"⚡ Server running on port 8080 ⚡","timestamp":"2025-03-19T20:03:29.029Z"}
{"level":"\u001b[32minfo\u001b[39m","message":"Connected to MongoDB","timestamp":"2025-03-19T20:03:46.657Z"}
{"level":"\u001b[32minfo\u001b[39m","message":"⚡ Server running on port 8080 ⚡","timestamp":"2025-03-19T20:03:46.665Z"}
{"level":"\u001b[31merror\u001b[39m","message":"Error sending email: Error: connect ECONNREFUSED 127.0.0.1:587","timestamp":"2025-03-19T20:04:11.501Z"}
{"level":"\u001b[31merror\u001b[39m","message":"Error creating user: Error: Failed to send email","timestamp":"2025-03-19T20:04:11.502Z"}
{"level":"\u001b[32minfo\u001b[39m","message":"{\"method\":\"POST\",\"url\":\"/v1/api/auth/register\",\"status\":\"400\",\"responseTime\":\"735.455\"}","timestamp":"2025-03-19T20:04:11.506Z"}
{"level":"\u001b[32minfo\u001b[39m","message":"Connected to MongoDB","timestamp":"2025-03-19T20:05:24.007Z"}
{"level":"\u001b[32minfo\u001b[39m","message":"⚡ Server running on port 8080 ⚡","timestamp":"2025-03-19T20:05:24.012Z"}
{"level":"\u001b[31merror\u001b[39m","message":"Error sending email: Error: connect ECONNREFUSED 127.0.0.1:587","timestamp":"2025-03-19T20:05:51.719Z"}
{"level":"\u001b[31merror\u001b[39m","message":"Error creating user: Error: Failed to send email","timestamp":"2025-03-19T20:05:51.720Z"}
{"level":"\u001b[32minfo\u001b[39m","message":"{\"method\":\"POST\",\"url\":\"/v1/api/auth/register\",\"status\":\"400\",\"responseTime\":\"739.522\"}","timestamp":"2025-03-19T20:05:51.723Z"}
{"level":"\u001b[32minfo\u001b[39m","message":"Connected to MongoDB","timestamp":"2025-03-19T20:06:27.571Z"}
{"level":"\u001b[32minfo\u001b[39m","message":"⚡ Server running on port 8080 ⚡","timestamp":"2025-03-19T20:06:27.577Z"}
{"level":"\u001b[32minfo\u001b[39m","message":"Connected to MongoDB","timestamp":"2025-03-19T20:06:40.935Z"}
{"level":"\u001b[32minfo\u001b[39m","message":"⚡ Server running on port 8080 ⚡","timestamp":"2025-03-19T20:06:40.941Z"}
{"level":"\u001b[32minfo\u001b[39m","message":"Connected to MongoDB","timestamp":"2025-03-19T20:07:41.166Z"}
{"level":"\u001b[32minfo\u001b[39m","message":"⚡ Server running on port 8080 ⚡","timestamp":"2025-03-19T20:07:41.174Z"}
{"level":"\u001b[31merror\u001b[39m","message":"Error sending email: Error: connect ECONNREFUSED 127.0.0.1:587","timestamp":"2025-03-19T20:11:35.525Z"}
{"level":"\u001b[31merror\u001b[39m","message":"Error creating user: Error: Failed to send email","timestamp":"2025-03-19T20:11:35.526Z"}
{"level":"\u001b[32minfo\u001b[39m","message":"{\"method\":\"POST\",\"url\":\"/v1/api/auth/register\",\"status\":\"400\",\"responseTime\":\"948.784\"}","timestamp":"2025-03-19T20:11:35.533Z"}
{"level":"\u001b[32minfo\u001b[39m","message":"Connected to MongoDB","timestamp":"2025-03-19T20:14:56.141Z"}
{"level":"\u001b[32minfo\u001b[39m","message":"⚡ Server running on port 8080 ⚡","timestamp":"2025-03-19T20:14:56.148Z"}
{"level":"\u001b[32minfo\u001b[39m","message":"Connected to MongoDB","timestamp":"2025-03-19T20:15:24.799Z"}
{"level":"\u001b[32minfo\u001b[39m","message":"⚡ Server running on port 8080 ⚡","timestamp":"2025-03-19T20:15:24.807Z"}
{"level":"\u001b[32minfo\u001b[39m","message":"{\"method\":\"POST\",\"url\":\"/v1/api/auth/register\",\"status\":\"409\",\"responseTime\":\"326.467\"}","timestamp":"2025-03-19T20:15:33.509Z"}
{"level":"\u001b[31merror\u001b[39m","message":"Error sending email: Error: connect ECONNREFUSED 127.0.0.1:587","timestamp":"2025-03-19T20:16:00.271Z"}
{"level":"\u001b[31merror\u001b[39m","message":"Error creating user: Error: Failed to send email","timestamp":"2025-03-19T20:16:00.271Z"}
{"level":"\u001b[32minfo\u001b[39m","message":"{\"method\":\"POST\",\"url\":\"/v1/api/auth/register\",\"status\":\"400\",\"responseTime\":\"780.784\"}","timestamp":"2025-03-19T20:16:00.273Z"}
{"level":"\u001b[32minfo\u001b[39m","message":"Connected to MongoDB","timestamp":"2025-03-19T20:16:48.235Z"}
{"level":"\u001b[32minfo\u001b[39m","message":"⚡ Server running on port 8080 ⚡","timestamp":"2025-03-19T20:16:48.242Z"}
{"level":"\u001b[31merror\u001b[39m","message":"Error sending email: Error: connect ECONNREFUSED 127.0.0.1:465","timestamp":"2025-03-19T20:17:12.346Z"}
{"level":"\u001b[31merror\u001b[39m","message":"Error creating user: Error: Failed to send email","timestamp":"2025-03-19T20:17:12.347Z"}
{"level":"\u001b[32minfo\u001b[39m","message":"{\"method\":\"POST\",\"url\":\"/v1/api/auth/register\",\"status\":\"400\",\"responseTime\":\"787.742\"}","timestamp":"2025-03-19T20:17:12.352Z"}
{"level":"\u001b[32minfo\u001b[39m","message":"Connected to MongoDB","timestamp":"2025-03-19T20:18:22.494Z"}
{"level":"\u001b[32minfo\u001b[39m","message":"⚡ Server running on port 8080 ⚡","timestamp":"2025-03-19T20:18:22.502Z"}
{"level":"\u001b[32minfo\u001b[39m","message":"Connected to MongoDB","timestamp":"2025-03-19T20:18:45.601Z"}
{"level":"\u001b[32minfo\u001b[39m","message":"⚡ Server running on port 8080 ⚡","timestamp":"2025-03-19T20:18:45.609Z"}
{"level":"\u001b[32minfo\u001b[39m","message":"Email sent successfully to alvin2k99@gmail.com","timestamp":"2025-03-19T20:20:03.966Z"}
{"level":"\u001b[32minfo\u001b[39m","message":"{\"method\":\"POST\",\"url\":\"/v1/api/auth/register\",\"status\":\"201\",\"responseTime\":\"5647.825\"}","timestamp":"2025-03-19T20:20:03.972Z"}
{"level":"\u001b[32minfo\u001b[39m","message":"{\"method\":\"POST\",\"url\":\"/v1/api/auth/verify-email\",\"status\":\"200\",\"responseTime\":\"674.683\"}","timestamp":"2025-03-19T20:22:56.686Z"}
{"level":"\u001b[32minfo\u001b[39m","message":"{\"method\":\"POST\",\"url\":\"/v1/api/auth/login\",\"status\":\"200\",\"responseTime\":\"475.607\"}","timestamp":"2025-03-19T20:24:47.244Z"}
{"level":"\u001b[32minfo\u001b[39m","message":"{\"method\":\"POST\",\"url\":\"/v1/api/auth/login\",\"status\":\"401\",\"responseTime\":\"2846.219\"}","timestamp":"2025-03-19T20:27:48.922Z"}
{"level":"\u001b[32minfo\u001b[39m","message":"Connected to MongoDB","timestamp":"2025-03-19T20:31:56.492Z"}
{"level":"\u001b[32minfo\u001b[39m","message":"⚡ Server running on port 8080 ⚡","timestamp":"2025-03-19T20:31:56.500Z"}
{"level":"\u001b[32minfo\u001b[39m","message":"Email sent successfully to alvin2k99@gmail.com","timestamp":"2025-03-19T20:32:21.965Z"}
{"level":"\u001b[32minfo\u001b[39m","message":"{\"method\":\"POST\",\"url\":\"/v1/api/auth/password-recovery\",\"status\":\"200\",\"responseTime\":\"5596.661\"}","timestamp":"2025-03-19T20:32:21.971Z"}
{"level":"\u001b[32minfo\u001b[39m","message":"Connected to MongoDB","timestamp":"2025-03-19T20:33:09.523Z"}
{"level":"\u001b[32minfo\u001b[39m","message":"⚡ Server running on port 8080 ⚡","timestamp":"2025-03-19T20:33:09.530Z"}
{"level":"\u001b[32minfo\u001b[39m","message":"{\"method\":\"POST\",\"url\":\"/v1/api/auth/reset-password\",\"status\":\"404\",\"responseTime\":\"2.735\"}","timestamp":"2025-03-19T20:33:48.486Z"}
{"level":"\u001b[31merror\u001b[39m","message":"Error updating password: JsonWebTokenError: jwt must be provided","timestamp":"2025-03-19T20:34:08.460Z"}
{"level":"\u001b[32minfo\u001b[39m","message":"{\"method\":\"PATCH\",\"url\":\"/v1/api/auth/reset-password\",\"status\":\"400\",\"responseTime\":\"4.084\"}","timestamp":"2025-03-19T20:34:08.463Z"}
{"level":"\u001b[32minfo\u001b[39m","message":"Connected to MongoDB","timestamp":"2025-03-19T20:34:34.072Z"}
{"level":"\u001b[32minfo\u001b[39m","message":"⚡ Server running on port 8080 ⚡","timestamp":"2025-03-19T20:34:34.080Z"}
{"level":"\u001b[32minfo\u001b[39m","message":"{\"method\":\"PATCH\",\"url\":\"/v1/api/auth/reset-password\",\"status\":\"401\",\"responseTime\":\"3.834\"}","timestamp":"2025-03-19T20:34:36.423Z"}
{"level":"\u001b[32minfo\u001b[39m","message":"{\"method\":\"PATCH\",\"url\":\"/v1/api/auth/reset-password\",\"status\":\"200\",\"responseTime\":\"1223.237\"}","timestamp":"2025-03-19T20:34:55.303Z"}
{"level":"\u001b[32minfo\u001b[39m","message":"{\"method\":\"POST\",\"url\":\"/v1/api/auth/login\",\"status\":\"401\",\"responseTime\":\"489.646\"}","timestamp":"2025-03-19T20:35:00.917Z"}
{"level":"\u001b[32minfo\u001b[39m","message":"{\"method\":\"POST\",\"url\":\"/v1/api/auth/login\",\"status\":\"200\",\"responseTime\":\"417.563\"}","timestamp":"2025-03-19T20:35:05.964Z"}
{"level":"\u001b[32minfo\u001b[39m","message":"Connected to MongoDB","timestamp":"2025-05-03T15:10:06.868Z"}
{"level":"\u001b[32minfo\u001b[39m","message":"⚡ Server running on port 3000 ⚡","timestamp":"2025-05-03T15:10:06.881Z"}
{"level":"\u001b[32minfo\u001b[39m","message":"{\"method\":\"POST\",\"url\":\"/v1/api/seo/create\",\"status\":\"401\",\"responseTime\":\"10.560\"}","timestamp":"2025-05-03T15:10:28.147Z"}
{"level":"\u001b[32minfo\u001b[39m","message":"{\"method\":\"POST\",\"url\":\"/v1/api/auth/login\",\"status\":\"200\",\"responseTime\":\"415.861\"}","timestamp":"2025-05-03T15:10:40.741Z"}
{"level":"\u001b[32minfo\u001b[39m","message":"{\"method\":\"POST\",\"url\":\"/v1/api/auth/login\",\"status\":\"200\",\"responseTime\":\"399.194\"}","timestamp":"2025-05-03T15:11:07.698Z"}
{"level":"\u001b[31merror\u001b[39m","message":"Error creating new SEO entry: MongoServerError: E11000 duplicate key error collection: seoedge.seos index: url_1 dup key: { url: \"https://www.humanizeai.pro\" }","timestamp":"2025-05-03T15:12:12.706Z"}
{"level":"\u001b[32minfo\u001b[39m","message":"{\"method\":\"POST\",\"url\":\"/v1/api/seo/create\",\"status\":\"400\",\"responseTime\":\"53416.662\"}","timestamp":"2025-05-03T15:12:12.712Z"}
{"level":"\u001b[32minfo\u001b[39m","message":"Connected to MongoDB","timestamp":"2025-05-03T15:13:22.767Z"}
{"level":"\u001b[32minfo\u001b[39m","message":"⚡ Server running on port 3000 ⚡","timestamp":"2025-05-03T15:13:22.777Z"}
{"level":"\u001b[32minfo\u001b[39m","message":"Connected to MongoDB","timestamp":"2025-05-03T15:15:19.058Z"}
{"level":"\u001b[32minfo\u001b[39m","message":"⚡ Server running on port 3000 ⚡","timestamp":"2025-05-03T15:15:19.067Z"}
{"level":"\u001b[32minfo\u001b[39m","message":"Connected to MongoDB","timestamp":"2025-05-03T15:15:38.198Z"}
{"level":"\u001b[32minfo\u001b[39m","message":"⚡ Server running on port 3000 ⚡","timestamp":"2025-05-03T15:15:38.211Z"}
{"level":"\u001b[32minfo\u001b[39m","message":"{\"method\":\"POST\",\"url\":\"/v1/api/seo/create\",\"status\":\"409\",\"responseTime\":\"116.082\"}","timestamp":"2025-05-03T15:15:51.284Z"}
{"level":"\u001b[32minfo\u001b[39m","message":"Connected to MongoDB","timestamp":"2025-05-03T15:16:24.289Z"}
{"level":"\u001b[32minfo\u001b[39m","message":"⚡ Server running on port 3000 ⚡","timestamp":"2025-05-03T15:16:24.300Z"}
{"level":"\u001b[32minfo\u001b[39m","message":"{\"method\":\"POST\",\"url\":\"/v1/api/seo/create\",\"status\":\"409\",\"responseTime\":\"113.056\"}","timestamp":"2025-05-03T15:16:36.915Z"}
{"level":"\u001b[32minfo\u001b[39m","message":"{\"method\":\"POST\",\"url\":\"/v1/api/seo/create\",\"status\":\"201\",\"responseTime\":\"28579.100\"}","timestamp":"2025-05-03T15:17:14.391Z"}
{"level":"\u001b[32minfo\u001b[39m","message":"Connected to MongoDB","timestamp":"2025-05-05T08:44:18.570Z"}
{"level":"\u001b[32minfo\u001b[39m","message":"Connected to MongoDB","timestamp":"2025-05-05T08:44:52.512Z"}
{"level":"\u001b[32minfo\u001b[39m","message":"⚡ Server running on port 3101 ⚡","timestamp":"2025-05-05T08:44:52.520Z"}
{"level":"\u001b[32minfo\u001b[39m","message":"Connected to MongoDB","timestamp":"2025-05-05T09:13:31.058Z"}
{"level":"\u001b[32minfo\u001b[39m","message":"⚡ Server running on port 3101 ⚡","timestamp":"2025-05-05T09:13:31.064Z"}
{"level":"\u001b[32minfo\u001b[39m","message":"{\"method\":\"POST\",\"url\":\"/v1/api/auth/login\",\"status\":\"200\",\"responseTime\":\"224.349\"}","timestamp":"2025-05-05T09:14:48.970Z"}
{"level":"\u001b[32minfo\u001b[39m","message":"{\"method\":\"POST\",\"url\":\"/v1/api/seo/create\",\"status\":\"409\",\"responseTime\":\"40.430\"}","timestamp":"2025-05-05T09:15:09.215Z"}
{"level":"\u001b[32minfo\u001b[39m","message":"Connected to MongoDB","timestamp":"2025-05-05T12:17:15.264Z"}
{"level":"\u001b[32minfo\u001b[39m","message":"⚡ Server running on port 3101 ⚡","timestamp":"2025-05-05T12:17:15.331Z"}
{"level":"\u001b[32minfo\u001b[39m","message":"{\"method\":\"POST\",\"url\":\"/v1/api/auth/login\",\"status\":\"200\",\"responseTime\":\"283.870\"}","timestamp":"2025-05-05T12:18:23.990Z"}
{"level":"\u001b[32minfo\u001b[39m","message":"Connected to MongoDB","timestamp":"2025-05-05T12:23:17.469Z"}
{"level":"\u001b[32minfo\u001b[39m","message":"⚡ Server running on port 3101 ⚡","timestamp":"2025-05-05T12:23:17.481Z"}
{"level":"\u001b[31merror\u001b[39m","message":"Error checking project existence: CastError: Cast to ObjectId failed for value \"{ owner: '681622245ec53e8677c1199d' }\" (type Object) at path \"_id\" for model \"Seo\"","timestamp":"2025-05-05T12:23:41.581Z"}
{"level":"\u001b[31merror\u001b[39m","message":"Something went wrong: Error: Failed to check project existence","timestamp":"2025-05-05T12:23:41.582Z"}
{"level":"\u001b[31merror\u001b[39m","message":"Failed to check project existence","timestamp":"2025-05-05T12:23:41.583Z"}
{"level":"\u001b[32minfo\u001b[39m","message":"{\"method\":\"GET\",\"url\":\"/v1/api/seo/all\",\"status\":\"500\",\"responseTime\":\"35.884\"}","timestamp":"2025-05-05T12:23:41.591Z"}
{"level":"\u001b[32minfo\u001b[39m","message":"Connected to MongoDB","timestamp":"2025-05-05T12:24:54.189Z"}
{"level":"\u001b[32minfo\u001b[39m","message":"⚡ Server running on port 3101 ⚡","timestamp":"2025-05-05T12:24:54.210Z"}
{"level":"\u001b[32minfo\u001b[39m","message":"Connected to MongoDB","timestamp":"2025-05-05T12:27:00.297Z"}
{"level":"\u001b[32minfo\u001b[39m","message":"⚡ Server running on port 3101 ⚡","timestamp":"2025-05-05T12:27:00.306Z"}
{"level":"\u001b[31merror\u001b[39m","message":"Error checking project existence: CastError: Cast to ObjectId failed for value \"{ owner: new ObjectId('681622245ec53e8677c1199d') }\" (type Object) at path \"_id\" for model \"Seo\"","timestamp":"2025-05-05T12:27:06.158Z"}
{"level":"\u001b[31merror\u001b[39m","message":"Something went wrong: Error: Failed to check project existence","timestamp":"2025-05-05T12:27:06.159Z"}
{"level":"\u001b[31merror\u001b[39m","message":"Failed to check project existence","timestamp":"2025-05-05T12:27:06.161Z"}
{"level":"\u001b[32minfo\u001b[39m","message":"{\"method\":\"GET\",\"url\":\"/v1/api/seo/all\",\"status\":\"500\",\"responseTime\":\"28.132\"}","timestamp":"2025-05-05T12:27:06.171Z"}
{"level":"\u001b[32minfo\u001b[39m","message":"Connected to MongoDB","timestamp":"2025-05-05T12:27:38.343Z"}
{"level":"\u001b[32minfo\u001b[39m","message":"⚡ Server running on port 3101 ⚡","timestamp":"2025-05-05T12:27:38.350Z"}
{"level":"\u001b[31merror\u001b[39m","message":"Error checking project existence: CastError: Cast to ObjectId failed for value \"{ ownerId: new ObjectId('681622245ec53e8677c1199d') }\" (type Object) at path \"_id\" for model \"Seo\"","timestamp":"2025-05-05T12:27:41.018Z"}
{"level":"\u001b[31merror\u001b[39m","message":"Something went wrong: Error: Failed to check project existence","timestamp":"2025-05-05T12:27:41.019Z"}
{"level":"\u001b[31merror\u001b[39m","message":"Failed to check project existence","timestamp":"2025-05-05T12:27:41.020Z"}
{"level":"\u001b[32minfo\u001b[39m","message":"{\"method\":\"GET\",\"url\":\"/v1/api/seo/all\",\"status\":\"500\",\"responseTime\":\"12.770\"}","timestamp":"2025-05-05T12:27:41.023Z"}
{"level":"\u001b[32minfo\u001b[39m","message":"Connected to MongoDB","timestamp":"2025-05-05T12:28:28.471Z"}
{"level":"\u001b[32minfo\u001b[39m","message":"⚡ Server running on port 3101 ⚡","timestamp":"2025-05-05T12:28:28.480Z"}
{"level":"\u001b[31merror\u001b[39m","message":"Error checking project existence: CastError: Cast to ObjectId failed for value \"{ ownerId: new ObjectId('681622245ec53e8677c1199d') }\" (type Object) at path \"_id\" for model \"Seo\"","timestamp":"2025-05-05T12:28:33.675Z"}
{"level":"\u001b[31merror\u001b[39m","message":"Something went wrong: Error: Failed to check project existence","timestamp":"2025-05-05T12:28:33.675Z"}
{"level":"\u001b[31merror\u001b[39m","message":"Failed to check project existence","timestamp":"2025-05-05T12:28:33.678Z"}
{"level":"\u001b[32minfo\u001b[39m","message":"{\"method\":\"GET\",\"url\":\"/v1/api/seo/all\",\"status\":\"500\",\"responseTime\":\"31.258\"}","timestamp":"2025-05-05T12:28:33.691Z"}
{"level":"\u001b[32minfo\u001b[39m","message":"Connected to MongoDB","timestamp":"2025-05-05T12:29:04.476Z"}
{"level":"\u001b[32minfo\u001b[39m","message":"⚡ Server running on port 3101 ⚡","timestamp":"2025-05-05T12:29:04.487Z"}
{"level":"\u001b[31merror\u001b[39m","message":"Error checking project existence: CastError: Cast to ObjectId failed for value \"{ ownerId: '681622245ec53e8677c1199d' }\" (type Object) at path \"_id\" for model \"Seo\"","timestamp":"2025-05-05T12:29:10.573Z"}
{"level":"\u001b[31merror\u001b[39m","message":"Something went wrong: Error: Failed to check project existence","timestamp":"2025-05-05T12:29:10.577Z"}
{"level":"\u001b[31merror\u001b[39m","message":"Failed to check project existence","timestamp":"2025-05-05T12:29:10.582Z"}
{"level":"\u001b[32minfo\u001b[39m","message":"{\"method\":\"GET\",\"url\":\"/v1/api/seo/all\",\"status\":\"500\",\"responseTime\":\"41.708\"}","timestamp":"2025-05-05T12:29:10.593Z"}
{"level":"\u001b[32minfo\u001b[39m","message":"Connected to MongoDB","timestamp":"2025-05-05T12:30:20.076Z"}
{"level":"\u001b[32minfo\u001b[39m","message":"⚡ Server running on port 3101 ⚡","timestamp":"2025-05-05T12:30:20.085Z"}
{"level":"\u001b[32minfo\u001b[39m","message":"{\"method\":\"GET\",\"url\":\"/v1/api/seo/all\",\"status\":\"201\",\"responseTime\":\"25.214\"}","timestamp":"2025-05-05T12:30:22.772Z"}
{"level":"\u001b[32minfo\u001b[39m","message":"Connected to MongoDB","timestamp":"2025-05-05T12:31:08.337Z"}
{"level":"\u001b[32minfo\u001b[39m","message":"⚡ Server running on port 3101 ⚡","timestamp":"2025-05-05T12:31:08.345Z"}
{"level":"\u001b[32minfo\u001b[39m","message":"Connected to MongoDB","timestamp":"2025-05-05T12:31:26.229Z"}
{"level":"\u001b[32minfo\u001b[39m","message":"⚡ Server running on port 3101 ⚡","timestamp":"2025-05-05T12:31:26.237Z"}
{"level":"\u001b[32minfo\u001b[39m","message":"Connected to MongoDB","timestamp":"2025-05-05T12:31:38.197Z"}
{"level":"\u001b[32minfo\u001b[39m","message":"⚡ Server running on port 3101 ⚡","timestamp":"2025-05-05T12:31:38.221Z"}
{"level":"\u001b[32minfo\u001b[39m","message":"{\"method\":\"POST\",\"url\":\"/v1/api/seo/pdf/6816292f24e5dd7c896f8af3\",\"status\":\"400\",\"responseTime\":\"25.478\"}","timestamp":"2025-05-05T12:32:01.218Z"}
{"level":"\u001b[32minfo\u001b[39m","message":"Connected to MongoDB","timestamp":"2025-05-05T12:32:26.142Z"}
{"level":"\u001b[32minfo\u001b[39m","message":"⚡ Server running on port 3101 ⚡","timestamp":"2025-05-05T12:32:26.151Z"}
{"level":"\u001b[32minfo\u001b[39m","message":"{\"method\":\"POST\",\"url\":\"/v1/api/seo/pdf/6816292f24e5dd7c896f8af3\",\"status\":\"200\",\"responseTime\":\"34286.059\"}","timestamp":"2025-05-05T12:33:06.694Z"}
{"level":"\u001b[32minfo\u001b[39m","message":"Connected to MongoDB","timestamp":"2025-05-05T12:37:45.282Z"}
{"level":"\u001b[32minfo\u001b[39m","message":"⚡ Server running on port 3101 ⚡","timestamp":"2025-05-05T12:37:45.297Z"}
{"level":"\u001b[32minfo\u001b[39m","message":"{\"method\":\"POST\",\"url\":\"/v1/api/seo/pdf/6816292f24e5dd7c896f8af3\",\"status\":\"401\",\"responseTime\":\"4.846\"}","timestamp":"2025-05-05T12:37:50.969Z"}
{"level":"\u001b[32minfo\u001b[39m","message":"{\"method\":\"POST\",\"url\":\"/v1/api/auth/login\",\"status\":\"200\",\"responseTime\":\"164.414\"}","timestamp":"2025-05-05T12:38:13.367Z"}
{"level":"\u001b[32minfo\u001b[39m","message":"{\"method\":\"POST\",\"url\":\"/v1/api/seo/pdf/6816292f24e5dd7c896f8af3\",\"status\":\"200\",\"responseTime\":\"28000.036\"}","timestamp":"2025-05-05T12:39:20.162Z"}
{"level":"\u001b[32minfo\u001b[39m","message":"Connected to MongoDB","timestamp":"2025-05-05T12:40:37.853Z"}
{"level":"\u001b[32minfo\u001b[39m","message":"⚡ Server running on port 3101 ⚡","timestamp":"2025-05-05T12:40:37.868Z"}
{"level":"\u001b[32minfo\u001b[39m","message":"{\"method\":\"POST\",\"url\":\"/v1/api/seo/pdf/6816292f24e5dd7c896f8af3\",\"status\":\"200\",\"responseTime\":\"28674.870\"}","timestamp":"2025-05-05T12:41:10.723Z"}
{"level":"\u001b[32minfo\u001b[39m","message":"{\"method\":\"POST\",\"url\":\"/v1/api/seo/pdf/6816292f24e5dd7c896f8af3\",\"status\":\"200\",\"responseTime\":\"36675.726\"}","timestamp":"2025-05-05T12:43:40.438Z"}
{"level":"\u001b[32minfo\u001b[39m","message":"Connected to MongoDB","timestamp":"2025-05-13T16:24:40.774Z"}
{"level":"\u001b[32minfo\u001b[39m","message":"⚡ Server running on port 3101 ⚡","timestamp":"2025-05-13T16:24:40.805Z"}
{"level":"\u001b[32minfo\u001b[39m","message":"Connected to MongoDB","timestamp":"2025-05-13T16:37:45.872Z"}
{"level":"\u001b[32minfo\u001b[39m","message":"⚡ Server running on port 3101 ⚡","timestamp":"2025-05-13T16:37:45.884Z"}
{"level":"\u001b[32minfo\u001b[39m","message":"{\"method\":\"POST\",\"url\":\"/v1/api/auth/register\",\"status\":\"201\",\"responseTime\":\"230.113\"}","timestamp":"2025-05-13T16:38:24.170Z"}
{"level":"\u001b[32minfo\u001b[39m","message":"{\"method\":\"POST\",\"url\":\"/v1/api/auth/login\",\"status\":\"401\",\"responseTime\":\"153.304\"}","timestamp":"2025-05-13T16:38:34.806Z"}
{"level":"\u001b[32minfo\u001b[39m","message":"{\"method\":\"POST\",\"url\":\"/v1/api/auth/login\",\"status\":\"200\",\"responseTime\":\"240.389\"}","timestamp":"2025-05-13T16:39:07.907Z"}
{"level":"\u001b[32minfo\u001b[39m","message":"Connected to MongoDB","timestamp":"2025-05-13T16:39:26.619Z"}
{"level":"\u001b[32minfo\u001b[39m","message":"⚡ Server running on port 3101 ⚡","timestamp":"2025-05-13T16:39:26.625Z"}
{"level":"\u001b[32minfo\u001b[39m","message":"{\"method\":\"POST\",\"url\":\"/v1/api/auth/login\",\"status\":\"200\",\"responseTime\":\"103.620\"}","timestamp":"2025-05-13T16:39:31.353Z"}
{"level":"\u001b[32minfo\u001b[39m","message":"{\"method\":\"POST\",\"url\":\"/v1/api/auth/login\",\"status\":\"200\",\"responseTime\":\"145.339\"}","timestamp":"2025-05-13T16:40:08.531Z"}
{"level":"\u001b[32minfo\u001b[39m","message":"{\"method\":\"GET\",\"url\":\"/v1/api/seo/dashboard/project\",\"status\":\"201\",\"responseTime\":\"23.442\"}","timestamp":"2025-05-13T16:42:12.582Z"}
{"level":"\u001b[32minfo\u001b[39m","message":"{\"method\":\"GET\",\"url\":\"/v1/api/seo/projects/all\",\"status\":\"201\",\"responseTime\":\"3.112\"}","timestamp":"2025-05-13T16:43:08.678Z"}
{"level":"\u001b[32minfo\u001b[39m","message":"{\"method\":\"GET\",\"url\":\"/v1/api/seo/project/overview\",\"status\":\"201\",\"responseTime\":\"26.839\"}","timestamp":"2025-05-13T16:43:53.503Z"}
{"level":"\u001b[32minfo\u001b[39m","message":"Connected to MongoDB","timestamp":"2025-05-13T16:46:32.328Z"}
{"level":"\u001b[32minfo\u001b[39m","message":"⚡ Server running on port 3101 ⚡","timestamp":"2025-05-13T16:46:32.341Z"}
{"level":"\u001b[32minfo\u001b[39m","message":"Connected to MongoDB","timestamp":"2025-05-13T16:47:26.451Z"}
{"level":"\u001b[32minfo\u001b[39m","message":"⚡ Server running on port 3101 ⚡","timestamp":"2025-05-13T16:47:26.457Z"}
{"level":"\u001b[32minfo\u001b[39m","message":"Connected to MongoDB","timestamp":"2025-05-13T16:48:14.329Z"}
{"level":"\u001b[32minfo\u001b[39m","message":"⚡ Server running on port 3101 ⚡","timestamp":"2025-05-13T16:48:14.338Z"}
{"level":"\u001b[32minfo\u001b[39m","message":"Connected to MongoDB","timestamp":"2025-05-13T16:49:17.003Z"}
{"level":"\u001b[32minfo\u001b[39m","message":"⚡ Server running on port 3101 ⚡","timestamp":"2025-05-13T16:49:17.016Z"}
{"level":"\u001b[32minfo\u001b[39m","message":"{\"method\":\"POST\",\"url\":\"/v1/api/seo//project/create\",\"status\":\"201\",\"responseTime\":\"46.500\"}","timestamp":"2025-05-13T16:49:22.665Z"}
{"level":"\u001b[32minfo\u001b[39m","message":"{\"method\":\"POST\",\"url\":\"/v1/api/seo/project/create\",\"status\":\"409\",\"responseTime\":\"8.489\"}","timestamp":"2025-05-13T16:49:49.030Z"}
{"level":"\u001b[32minfo\u001b[39m","message":"Connected to MongoDB","timestamp":"2025-05-13T16:53:04.759Z"}
{"level":"\u001b[32minfo\u001b[39m","message":"⚡ Server running on port 3101 ⚡","timestamp":"2025-05-13T16:53:04.769Z"}
{"level":"\u001b[32minfo\u001b[39m","message":"{\"method\":\"GET\",\"url\":\"/v1/api/seo/audit/all\",\"status\":\"400\",\"responseTime\":\"5.821\"}","timestamp":"2025-05-13T16:53:53.641Z"}
{"level":"\u001b[32minfo\u001b[39m","message":"{\"method\":\"GET\",\"url\":\"/v1/api/seo/audits/all\",\"status\":\"201\",\"responseTime\":\"15.218\"}","timestamp":"2025-05-13T16:55:07.021Z"}
{"level":"\u001b[32minfo\u001b[39m","message":"Connected to MongoDB","timestamp":"2025-05-13T16:55:42.385Z"}
{"level":"\u001b[32minfo\u001b[39m","message":"⚡ Server running on port 3101 ⚡","timestamp":"2025-05-13T16:55:42.392Z"}
{"level":"\u001b[32minfo\u001b[39m","message":"{\"method\":\"GET\",\"url\":\"/v1/api/seo/dashboard/project\",\"status\":\"401\",\"responseTime\":\"8.486\"}","timestamp":"2025-05-13T16:56:27.393Z"}
{"level":"\u001b[32minfo\u001b[39m","message":"{\"method\":\"POST\",\"url\":\"/v1/api/auth/login\",\"status\":\"200\",\"responseTime\":\"119.058\"}","timestamp":"2025-05-13T16:56:44.143Z"}
{"level":"\u001b[32minfo\u001b[39m","message":"{\"method\":\"GET\",\"url\":\"/v1/api/seo/dashboard/project\",\"status\":\"201\",\"responseTime\":\"14.950\"}","timestamp":"2025-05-13T16:56:51.275Z"}
{"level":"\u001b[32minfo\u001b[39m","message":"{\"method\":\"POST\",\"url\":\"/v1/api/seo/audits/682378120dd1f22ce38149a9\",\"status\":\"404\",\"responseTime\":\"2.675\"}","timestamp":"2025-05-13T16:57:34.957Z"}
{"level":"\u001b[32minfo\u001b[39m","message":"Connected to MongoDB","timestamp":"2025-05-13T16:57:53.101Z"}
{"level":"\u001b[32minfo\u001b[39m","message":"⚡ Server running on port 3101 ⚡","timestamp":"2025-05-13T16:57:53.108Z"}
{"level":"\u001b[32minfo\u001b[39m","message":"{\"method\":\"POST\",\"url\":\"/v1/api/seo/audits/682378120dd1f22ce38149a9\",\"status\":\"400\",\"responseTime\":\"5.154\"}","timestamp":"2025-05-13T16:57:58.455Z"}
{"level":"\u001b[32minfo\u001b[39m","message":"Connected to MongoDB","timestamp":"2025-05-13T16:59:03.940Z"}
{"level":"\u001b[32minfo\u001b[39m","message":"⚡ Server running on port 3101 ⚡","timestamp":"2025-05-13T16:59:03.947Z"}
{"level":"\u001b[32minfo\u001b[39m","message":"Connected to MongoDB","timestamp":"2025-05-13T17:00:53.791Z"}
{"level":"\u001b[32minfo\u001b[39m","message":"⚡ Server running on port 3101 ⚡","timestamp":"2025-05-13T17:00:53.798Z"}
{"level":"\u001b[32minfo\u001b[39m","message":"Connected to MongoDB","timestamp":"2025-05-13T17:01:45.944Z"}
{"level":"\u001b[32minfo\u001b[39m","message":"⚡ Server running on port 3101 ⚡","timestamp":"2025-05-13T17:01:45.958Z"}
{"level":"\u001b[32minfo\u001b[39m","message":"Connected to MongoDB","timestamp":"2025-05-13T17:01:57.185Z"}
{"level":"\u001b[32minfo\u001b[39m","message":"⚡ Server running on port 3101 ⚡","timestamp":"2025-05-13T17:01:57.191Z"}
{"level":"\u001b[32minfo\u001b[39m","message":"{\"method\":\"POST\",\"url\":\"/v1/api/seo/audits/682378120dd1f22ce38149a9?\",\"status\":\"201\",\"responseTime\":\"33647.615\"}","timestamp":"2025-05-13T17:02:33.674Z"}
{"level":"\u001b[32minfo\u001b[39m","message":"Connected to MongoDB","timestamp":"2025-05-13T17:04:06.024Z"}
{"level":"\u001b[32minfo\u001b[39m","message":"⚡ Server running on port 3101 ⚡","timestamp":"2025-05-13T17:04:06.031Z"}
{"level":"\u001b[32minfo\u001b[39m","message":"Connected to MongoDB","timestamp":"2025-05-13T17:04:43.414Z"}
{"level":"\u001b[32minfo\u001b[39m","message":"⚡ Server running on port 3101 ⚡","timestamp":"2025-05-13T17:04:43.419Z"}
{"level":"\u001b[32minfo\u001b[39m","message":"{\"method\":\"GET\",\"url\":\"/v1/api/seo/dashboard/project\",\"status\":\"201\",\"responseTime\":\"35.434\"}","timestamp":"2025-05-13T17:04:56.996Z"}
{"level":"\u001b[32minfo\u001b[39m","message":"{\"method\":\"GET\",\"url\":\"/v1/api/seo/projects/all\",\"status\":\"201\",\"responseTime\":\"7.225\"}","timestamp":"2025-05-13T17:05:14.890Z"}
{"level":"\u001b[32minfo\u001b[39m","message":"{\"method\":\"GET\",\"url\":\"/v1/api/seo/project/overview\",\"status\":\"201\",\"responseTime\":\"13.396\"}","timestamp":"2025-05-13T17:05:27.020Z"}
{"level":"\u001b[32minfo\u001b[39m","message":"{\"method\":\"POST\",\"url\":\"/v1/api/seo/project/create\",\"status\":\"409\",\"responseTime\":\"7.855\"}","timestamp":"2025-05-13T17:06:05.475Z"}
{"level":"\u001b[32minfo\u001b[39m","message":"{\"method\":\"GET\",\"url\":\"/v1/api/seo/audits/all\",\"status\":\"201\",\"responseTime\":\"31.645\"}","timestamp":"2025-05-13T17:06:22.812Z"}
{"level":"\u001b[32minfo\u001b[39m","message":"{\"method\":\"POST\",\"url\":\"/v1/api/seo/audits/682378120dd1f22ce38149a9\",\"status\":\"201\",\"responseTime\":\"20230.708\"}","timestamp":"2025-05-13T17:07:17.110Z"}
{"level":"\u001b[32minfo\u001b[39m","message":"Connected to MongoDB","timestamp":"2025-05-13T17:11:40.392Z"}
{"level":"\u001b[32minfo\u001b[39m","message":"⚡ Server running on port 3101 ⚡","timestamp":"2025-05-13T17:11:40.397Z"}
{"level":"\u001b[32minfo\u001b[39m","message":"{\"method\":\"POST\",\"url\":\"/v1/api/seo/audits/682378120dd1f22ce38149a9\",\"status\":\"401\",\"responseTime\":\"4.181\"}","timestamp":"2025-05-13T17:11:48.879Z"}
{"level":"\u001b[32minfo\u001b[39m","message":"{\"method\":\"POST\",\"url\":\"/v1/api/auth/login\",\"status\":\"200\",\"responseTime\":\"175.901\"}","timestamp":"2025-05-13T17:12:09.607Z"}
{"level":"\u001b[32minfo\u001b[39m","message":"{\"method\":\"POST\",\"url\":\"/v1/api/seo/audits/682378120dd1f22ce38149a9\",\"status\":\"201\",\"responseTime\":\"21419.300\"}","timestamp":"2025-05-13T17:12:54.616Z"}
{"level":"\u001b[32minfo\u001b[39m","message":"Connected to MongoDB","timestamp":"2025-05-13T17:13:17.055Z"}
{"level":"\u001b[32minfo\u001b[39m","message":"⚡ Server running on port 3101 ⚡","timestamp":"2025-05-13T17:13:17.061Z"}
{"level":"\u001b[32minfo\u001b[39m","message":"{\"method\":\"POST\",\"url\":\"/v1/api/seo/audits/682378120dd1f22ce38149a9\",\"status\":\"201\",\"responseTime\":\"20965.147\"}","timestamp":"2025-05-13T17:13:46.878Z"}
{"level":"\u001b[32minfo\u001b[39m","message":"Connected to MongoDB","timestamp":"2025-05-13T17:13:59.397Z"}
{"level":"\u001b[32minfo\u001b[39m","message":"⚡ Server running on port 3101 ⚡","timestamp":"2025-05-13T17:13:59.404Z"}
{"level":"\u001b[32minfo\u001b[39m","message":"Connected to MongoDB","timestamp":"2025-05-13T17:18:20.917Z"}
{"level":"\u001b[32minfo\u001b[39m","message":"⚡ Server running on port 3101 ⚡","timestamp":"2025-05-13T17:18:20.923Z"}
{"level":"\u001b[32minfo\u001b[39m","message":"Connected to MongoDB","timestamp":"2025-05-13T17:19:37.251Z"}
{"level":"\u001b[32minfo\u001b[39m","message":"⚡ Server running on port 3101 ⚡","timestamp":"2025-05-13T17:19:37.257Z"}
{"level":"\u001b[32minfo\u001b[39m","message":"Connected to MongoDB","timestamp":"2025-05-13T17:20:12.805Z"}
{"level":"\u001b[32minfo\u001b[39m","message":"⚡ Server running on port 3101 ⚡","timestamp":"2025-05-13T17:20:12.810Z"}
{"level":"\u001b[32minfo\u001b[39m","message":"{\"method\":\"GET\",\"url\":\"/v1/api/seo/audits/682378120dd1f22ce38149a9\",\"status\":\"201\",\"responseTime\":\"34.029\"}","timestamp":"2025-05-13T17:21:04.341Z"}
{"level":"\u001b[32minfo\u001b[39m","message":"{\"method\":\"POST\",\"url\":\"/v1/api/seo/audits/682378120dd1f22ce38149a9\",\"status\":\"201\",\"responseTime\":\"25073.956\"}","timestamp":"2025-05-13T17:21:56.345Z"}
{"level":"\u001b[32minfo\u001b[39m","message":"{\"method\":\"GET\",\"url\":\"/v1/api/seo/audits/682378120dd1f22ce38149a9\",\"status\":\"201\",\"responseTime\":\"11.825\"}","timestamp":"2025-05-13T17:22:41.444Z"}
{"level":"\u001b[32minfo\u001b[39m","message":"Connected to MongoDB","timestamp":"2025-05-13T17:23:11.458Z"}
{"level":"\u001b[32minfo\u001b[39m","message":"⚡ Server running on port 3101 ⚡","timestamp":"2025-05-13T17:23:11.469Z"}
{"level":"\u001b[32minfo\u001b[39m","message":"Connected to MongoDB","timestamp":"2025-05-13T17:23:42.038Z"}
{"level":"\u001b[32minfo\u001b[39m","message":"⚡ Server running on port 3101 ⚡","timestamp":"2025-05-13T17:23:42.043Z"}
{"level":"\u001b[32minfo\u001b[39m","message":"{\"method\":\"GET\",\"url\":\"/v1/api/seo/audits/682378120dd1f22ce38149a9\",\"status\":\"201\",\"responseTime\":\"30.173\"}","timestamp":"2025-05-13T17:23:44.798Z"}
{"level":"\u001b[32minfo\u001b[39m","message":"{\"method\":\"GET\",\"url\":\"/v1/api/seo/pdf/682378120dd1f22ce38149a9\",\"status\":\"400\",\"responseTime\":\"8.292\"}","timestamp":"2025-05-13T17:25:12.583Z"}
{"level":"\u001b[32minfo\u001b[39m","message":"Connected to MongoDB","timestamp":"2025-05-13T17:25:30.711Z"}
{"level":"\u001b[32minfo\u001b[39m","message":"⚡ Server running on port 3101 ⚡","timestamp":"2025-05-13T17:25:30.717Z"}
{"level":"\u001b[32minfo\u001b[39m","message":"{\"method\":\"GET\",\"url\":\"/v1/api/seo/pdf/682378120dd1f22ce38149a9\",\"status\":\"200\",\"responseTime\":\"30147.804\"}","timestamp":"2025-05-13T17:27:28.587Z"}
{"level":"\u001b[32minfo\u001b[39m","message":"Connected to MongoDB","timestamp":"2025-05-13T17:28:22.985Z"}
{"level":"\u001b[32minfo\u001b[39m","message":"⚡ Server running on port 3101 ⚡","timestamp":"2025-05-13T17:28:22.992Z"}
{"level":"\u001b[32minfo\u001b[39m","message":"Connected to MongoDB","timestamp":"2025-05-13T17:29:01.859Z"}
{"level":"\u001b[32minfo\u001b[39m","message":"⚡ Server running on port 3101 ⚡","timestamp":"2025-05-13T17:29:01.886Z"}
{"level":"\u001b[32minfo\u001b[39m","message":"Connected to MongoDB","timestamp":"2025-05-13T17:29:18.385Z"}
{"level":"\u001b[32minfo\u001b[39m","message":"⚡ Server running on port 3101 ⚡","timestamp":"2025-05-13T17:29:18.391Z"}
{"level":"\u001b[32minfo\u001b[39m","message":"{\"method\":\"GET\",\"url\":\"/v1/api/seo/pdf/682378120dd1f22ce38149a9\",\"status\":\"401\",\"responseTime\":\"8.074\"}","timestamp":"2025-05-13T17:29:21.608Z"}
{"level":"\u001b[32minfo\u001b[39m","message":"{\"method\":\"POST\",\"url\":\"/v1/api/auth/login\",\"status\":\"200\",\"responseTime\":\"172.038\"}","timestamp":"2025-05-13T17:29:36.409Z"}
{"level":"\u001b[32minfo\u001b[39m","message":"{\"method\":\"GET\",\"url\":\"/v1/api/seo/pdf/682378120dd1f22ce38149a9\",\"status\":\"200\",\"responseTime\":\"17041.478\"}","timestamp":"2025-05-13T17:29:56.313Z"}
{"level":"\u001b[32minfo\u001b[39m","message":"Connected to MongoDB","timestamp":"2025-05-13T17:30:39.355Z"}
{"level":"\u001b[32minfo\u001b[39m","message":"⚡ Server running on port 3101 ⚡","timestamp":"2025-05-13T17:30:39.361Z"}
{"level":"\u001b[32minfo\u001b[39m","message":"{\"method\":\"GET\",\"url\":\"/v1/api/seo/dashboard/project\",\"status\":\"201\",\"responseTime\":\"20.148\"}","timestamp":"2025-05-13T17:30:39.879Z"}
{"level":"\u001b[32minfo\u001b[39m","message":"{\"method\":\"POST\",\"url\":\"/v1/api/seo/project/create\",\"status\":\"201\",\"responseTime\":\"43.060\"}","timestamp":"2025-05-13T17:31:43.551Z"}
{"level":"\u001b[32minfo\u001b[39m","message":"Connected to MongoDB","timestamp":"2025-05-13T17:32:14.779Z"}
{"level":"\u001b[32minfo\u001b[39m","message":"⚡ Server running on port 3101 ⚡","timestamp":"2025-05-13T17:32:14.789Z"}
{"level":"\u001b[32minfo\u001b[39m","message":"{\"method\":\"GET\",\"url\":\"/v1/api/seo/dashboard/project\",\"status\":\"201\",\"responseTime\":\"23.202\"}","timestamp":"2025-05-13T17:32:20.966Z"}
{"level":"\u001b[32minfo\u001b[39m","message":"Connected to MongoDB","timestamp":"2025-05-13T17:35:47.656Z"}
{"level":"\u001b[32minfo\u001b[39m","message":"⚡ Server running on port 3101 ⚡","timestamp":"2025-05-13T17:35:47.662Z"}
{"level":"\u001b[32minfo\u001b[39m","message":"Connected to MongoDB","timestamp":"2025-05-13T17:38:11.762Z"}
{"level":"\u001b[32minfo\u001b[39m","message":"⚡ Server running on port 3101 ⚡","timestamp":"2025-05-13T17:38:11.769Z"}
{"level":"\u001b[32minfo\u001b[39m","message":"{\"method\":\"GET\",\"url\":\"/v1/api/seo/dashboard/project\",\"status\":\"201\",\"responseTime\":\"26.905\"}","timestamp":"2025-05-13T17:38:34.967Z"}
{"level":"\u001b[32minfo\u001b[39m","message":"{\"method\":\"GET\",\"url\":\"/v1/api/seo/dashboard/project?page=1\",\"status\":\"201\",\"responseTime\":\"5.987\"}","timestamp":"2025-05-13T17:38:51.495Z"}
{"level":"\u001b[32minfo\u001b[39m","message":"{\"method\":\"GET\",\"url\":\"/v1/api/seo/dashboard/project?page=1\",\"status\":\"201\",\"responseTime\":\"7.033\"}","timestamp":"2025-05-13T17:38:59.019Z"}
{"level":"\u001b[32minfo\u001b[39m","message":"{\"method\":\"GET\",\"url\":\"/v1/api/seo/dashboard/project?page=2\",\"status\":\"201\",\"responseTime\":\"4.660\"}","timestamp":"2025-05-13T17:39:07.351Z"}
{"level":"\u001b[32minfo\u001b[39m","message":"Connected to MongoDB","timestamp":"2025-05-13T17:40:02.751Z"}
{"level":"\u001b[32minfo\u001b[39m","message":"⚡ Server running on port 3101 ⚡","timestamp":"2025-05-13T17:40:02.757Z"}
{"level":"\u001b[31merror\u001b[39m","message":"Error checking project existence: MongoServerError: BSON field 'skip' value must be >= 0, actual value '-1'","timestamp":"2025-05-13T17:40:12.718Z"}
{"level":"\u001b[31merror\u001b[39m","message":"Something went wrong: Error: Failed to check project existence","timestamp":"2025-05-13T17:40:12.719Z"}
{"level":"\u001b[31merror\u001b[39m","message":"Failed to check project existence","timestamp":"2025-05-13T17:40:12.719Z"}
{"level":"\u001b[32minfo\u001b[39m","message":"{\"method\":\"GET\",\"url\":\"/v1/api/seo/dashboard/project?page=1\",\"status\":\"500\",\"responseTime\":\"19.258\"}","timestamp":"2025-05-13T17:40:12.723Z"}
{"level":"\u001b[32minfo\u001b[39m","message":"Connected to MongoDB","timestamp":"2025-05-13T17:42:38.136Z"}
{"level":"\u001b[32minfo\u001b[39m","message":"⚡ Server running on port 3101 ⚡","timestamp":"2025-05-13T17:42:38.144Z"}
{"level":"\u001b[32minfo\u001b[39m","message":"{\"method\":\"GET\",\"url\":\"/v1/api/seo/dashboard/project?page=1\",\"status\":\"201\",\"responseTime\":\"21.231\"}","timestamp":"2025-05-13T17:42:44.492Z"}
{"level":"\u001b[32minfo\u001b[39m","message":"{\"method\":\"GET\",\"url\":\"/v1/api/seo/dashboard/project?page=2\",\"status\":\"201\",\"responseTime\":\"7.519\"}","timestamp":"2025-05-13T17:42:52.496Z"}
{"level":"\u001b[32minfo\u001b[39m","message":"Connected to MongoDB","timestamp":"2025-05-13T17:51:29.584Z"}
{"level":"\u001b[32minfo\u001b[39m","message":"⚡ Server running on port 3101 ⚡","timestamp":"2025-05-13T17:51:29.590Z"}
{"level":"\u001b[32minfo\u001b[39m","message":"Connected to MongoDB","timestamp":"2025-05-13T17:52:23.198Z"}
{"level":"\u001b[32minfo\u001b[39m","message":"⚡ Server running on port 3101 ⚡","timestamp":"2025-05-13T17:52:23.206Z"}
{"level":"\u001b[32minfo\u001b[39m","message":"Connected to MongoDB","timestamp":"2025-05-13T17:52:33.880Z"}
{"level":"\u001b[32minfo\u001b[39m","message":"⚡ Server running on port 3101 ⚡","timestamp":"2025-05-13T17:52:33.888Z"}
{"level":"\u001b[32minfo\u001b[39m","message":"Connected to MongoDB","timestamp":"2025-05-13T17:52:49.354Z"}
{"level":"\u001b[32minfo\u001b[39m","message":"⚡ Server running on port 3101 ⚡","timestamp":"2025-05-13T17:52:49.362Z"}
{"level":"\u001b[32minfo\u001b[39m","message":"Connected to MongoDB","timestamp":"2025-05-13T17:53:03.568Z"}
{"level":"\u001b[32minfo\u001b[39m","message":"⚡ Server running on port 3101 ⚡","timestamp":"2025-05-13T17:53:03.574Z"}
{"level":"\u001b[32minfo\u001b[39m","message":"{\"method\":\"GET\",\"url\":\"/v1/api/seo/dashboard/project?page=2\",\"status\":\"401\",\"responseTime\":\"5.949\"}","timestamp":"2025-05-13T17:53:10.648Z"}
{"level":"\u001b[32minfo\u001b[39m","message":"{\"method\":\"POST\",\"url\":\"/v1/api/auth/login\",\"status\":\"200\",\"responseTime\":\"105.952\"}","timestamp":"2025-05-13T17:53:16.284Z"}
{"level":"\u001b[32minfo\u001b[39m","message":"{\"method\":\"GET\",\"url\":\"/v1/api/seo/dashboard/project?page=2\",\"status\":\"201\",\"responseTime\":\"11.194\"}","timestamp":"2025-05-13T17:53:33.964Z"}
{"level":"\u001b[32minfo\u001b[39m","message":"Connected to MongoDB","timestamp":"2025-05-13T17:54:32.723Z"}
{"level":"\u001b[32minfo\u001b[39m","message":"⚡ Server running on port 3101 ⚡","timestamp":"2025-05-13T17:54:32.728Z"}
{"level":"\u001b[32minfo\u001b[39m","message":"{\"method\":\"GET\",\"url\":\"/v1/api/seo/dashboard/project?page=2\",\"status\":\"201\",\"responseTime\":\"30.868\"}","timestamp":"2025-05-13T17:54:36.385Z"}
{"level":"\u001b[32minfo\u001b[39m","message":"Connected to MongoDB","timestamp":"2025-05-13T17:54:54.577Z"}
{"level":"\u001b[32minfo\u001b[39m","message":"⚡ Server running on port 3101 ⚡","timestamp":"2025-05-13T17:54:54.583Z"}
{"level":"\u001b[32minfo\u001b[39m","message":"{\"method\":\"GET\",\"url\":\"/v1/api/seo/dashboard/project?page=2\",\"status\":\"201\",\"responseTime\":\"27.519\"}","timestamp":"2025-05-13T17:54:58.278Z"}
{"level":"\u001b[32minfo\u001b[39m","message":"{\"method\":\"GET\",\"url\":\"/v1/api/seo/dashboard/project?page=1\",\"status\":\"201\",\"responseTime\":\"6.842\"}","timestamp":"2025-05-13T17:55:18.547Z"}
{"level":"\u001b[32minfo\u001b[39m","message":"{\"method\":\"GET\",\"url\":\"/v1/api/seo/dashboard/project?page=0\",\"status\":\"201\",\"responseTime\":\"5.488\"}","timestamp":"2025-05-13T17:55:23.644Z"}
{"level":"\u001b[32minfo\u001b[39m","message":"Connected to MongoDB","timestamp":"2025-05-13T17:57:31.291Z"}
{"level":"\u001b[32minfo\u001b[39m","message":"⚡ Server running on port 3101 ⚡","timestamp":"2025-05-13T17:57:31.299Z"}
{"level":"\u001b[32minfo\u001b[39m","message":"Connected to MongoDB","timestamp":"2025-05-13T17:58:37.656Z"}
{"level":"\u001b[32minfo\u001b[39m","message":"⚡ Server running on port 3101 ⚡","timestamp":"2025-05-13T17:58:37.661Z"}
{"level":"\u001b[32minfo\u001b[39m","message":"{\"method\":\"GET\",\"url\":\"/v1/api/seo/dashboard/project?page=0\",\"status\":\"201\",\"responseTime\":\"21.268\"}","timestamp":"2025-05-13T17:58:41.591Z"}
{"level":"\u001b[32minfo\u001b[39m","message":"Connected to MongoDB","timestamp":"2025-05-13T18:01:35.488Z"}
{"level":"\u001b[32minfo\u001b[39m","message":"⚡ Server running on port 3101 ⚡","timestamp":"2025-05-13T18:01:35.495Z"}
{"level":"\u001b[32minfo\u001b[39m","message":"Connected to MongoDB","timestamp":"2025-05-13T18:02:39.925Z"}
{"level":"\u001b[32minfo\u001b[39m","message":"⚡ Server running on port 3101 ⚡","timestamp":"2025-05-13T18:02:39.934Z"}
{"level":"\u001b[32minfo\u001b[39m","message":"{\"method\":\"GET\",\"url\":\"/v1/api/seo/dashboard/project?page=0\",\"status\":\"201\",\"responseTime\":\"31.073\"}","timestamp":"2025-05-13T18:02:44.700Z"}
{"level":"\u001b[32minfo\u001b[39m","message":"{\"method\":\"GET\",\"url\":\"/v1/api/seo/dashboard/project?page=2\",\"status\":\"201\",\"responseTime\":\"18.397\"}","timestamp":"2025-05-13T18:02:57.727Z"}
{"level":"\u001b[32minfo\u001b[39m","message":"Connected to MongoDB","timestamp":"2025-05-13T18:05:32.863Z"}
{"level":"\u001b[32minfo\u001b[39m","message":"⚡ Server running on port 3101 ⚡","timestamp":"2025-05-13T18:05:32.871Z"}
{"level":"\u001b[32minfo\u001b[39m","message":"Connected to MongoDB","timestamp":"2025-05-13T18:05:53.435Z"}
{"level":"\u001b[32minfo\u001b[39m","message":"⚡ Server running on port 3101 ⚡","timestamp":"2025-05-13T18:05:53.444Z"}
{"level":"\u001b[32minfo\u001b[39m","message":"Connected to MongoDB","timestamp":"2025-05-13T18:06:23.412Z"}
{"level":"\u001b[32minfo\u001b[39m","message":"⚡ Server running on port 3101 ⚡","timestamp":"2025-05-13T18:06:23.421Z"}
{"level":"\u001b[32minfo\u001b[39m","message":"Connected to MongoDB","timestamp":"2025-05-13T18:07:00.848Z"}
{"level":"\u001b[32minfo\u001b[39m","message":"⚡ Server running on port 3101 ⚡","timestamp":"2025-05-13T18:07:00.856Z"}
{"level":"\u001b[32minfo\u001b[39m","message":"{\"method\":\"GET\",\"url\":\"/v1/api/seo/dashboard/project?page=2\",\"status\":\"401\",\"responseTime\":\"4.854\"}","timestamp":"2025-05-13T18:08:46.760Z"}
{"level":"\u001b[32minfo\u001b[39m","message":"{\"method\":\"POST\",\"url\":\"/v1/api/auth/login\",\"status\":\"200\",\"responseTime\":\"134.702\"}","timestamp":"2025-05-13T18:08:52.567Z"}
{"level":"\u001b[32minfo\u001b[39m","message":"{\"method\":\"GET\",\"url\":\"/v1/api/seo/dashboard/project?page=2\",\"status\":\"201\",\"responseTime\":\"20.329\"}","timestamp":"2025-05-13T18:08:55.497Z"}
{"level":"\u001b[32minfo\u001b[39m","message":"Connected to MongoDB","timestamp":"2025-05-13T18:09:25.739Z"}
{"level":"\u001b[32minfo\u001b[39m","message":"⚡ Server running on port 3101 ⚡","timestamp":"2025-05-13T18:09:25.746Z"}
{"level":"\u001b[32minfo\u001b[39m","message":"{\"method\":\"GET\",\"url\":\"/v1/api/seo/dashboard/project?page=1\",\"status\":\"201\",\"responseTime\":\"26.428\"}","timestamp":"2025-05-13T18:09:30.872Z"}
{"level":"\u001b[32minfo\u001b[39m","message":"{\"method\":\"GET\",\"url\":\"/v1/api/seo/dashboard/project?page=2\",\"status\":\"201\",\"responseTime\":\"5.341\"}","timestamp":"2025-05-13T18:09:47.070Z"}
{"level":"\u001b[32minfo\u001b[39m","message":"Connected to MongoDB","timestamp":"2025-05-13T18:10:03.259Z"}
{"level":"\u001b[32minfo\u001b[39m","message":"⚡ Server running on port 3101 ⚡","timestamp":"2025-05-13T18:10:03.265Z"}
{"level":"\u001b[32minfo\u001b[39m","message":"Connected to MongoDB","timestamp":"2025-05-13T18:10:34.787Z"}
{"level":"\u001b[32minfo\u001b[39m","message":"⚡ Server running on port 3101 ⚡","timestamp":"2025-05-13T18:10:34.792Z"}
{"level":"\u001b[32minfo\u001b[39m","message":"Connected to MongoDB","timestamp":"2025-05-13T18:10:46.816Z"}
{"level":"\u001b[32minfo\u001b[39m","message":"⚡ Server running on port 3101 ⚡","timestamp":"2025-05-13T18:10:46.821Z"}
{"level":"\u001b[32minfo\u001b[39m","message":"{\"method\":\"GET\",\"url\":\"/v1/api/seo/dashboard/project?page=2\",\"status\":\"201\",\"responseTime\":\"29.182\"}","timestamp":"2025-05-13T18:10:48.732Z"}
{"level":"\u001b[32minfo\u001b[39m","message":"Connected to MongoDB","timestamp":"2025-05-13T18:11:36.276Z"}
{"level":"\u001b[32minfo\u001b[39m","message":"⚡ Server running on port 3101 ⚡","timestamp":"2025-05-13T18:11:36.284Z"}
{"level":"\u001b[32minfo\u001b[39m","message":"{\"method\":\"GET\",\"url\":\"/v1/api/seo/dashboard/project?page=2\",\"status\":\"201\",\"responseTime\":\"20.879\"}","timestamp":"2025-05-13T18:11:40.518Z"}
{"level":"\u001b[32minfo\u001b[39m","message":"Connected to MongoDB","timestamp":"2025-05-13T18:12:22.466Z"}
{"level":"\u001b[32minfo\u001b[39m","message":"⚡ Server running on port 3101 ⚡","timestamp":"2025-05-13T18:12:22.472Z"}
{"level":"\u001b[32minfo\u001b[39m","message":"Connected to MongoDB","timestamp":"2025-05-13T18:12:46.194Z"}
{"level":"\u001b[32minfo\u001b[39m","message":"⚡ Server running on port 3101 ⚡","timestamp":"2025-05-13T18:12:46.200Z"}
{"level":"\u001b[32minfo\u001b[39m","message":"{\"method\":\"GET\",\"url\":\"/v1/api/seo/dashboard/project?page=2\",\"status\":\"201\",\"responseTime\":\"27.504\"}","timestamp":"2025-05-13T18:12:49.285Z"}
{"level":"\u001b[32minfo\u001b[39m","message":"Connected to MongoDB","timestamp":"2025-05-13T18:14:05.223Z"}
{"level":"\u001b[32minfo\u001b[39m","message":"⚡ Server running on port 3101 ⚡","timestamp":"2025-05-13T18:14:05.234Z"}
{"level":"\u001b[32minfo\u001b[39m","message":"{\"method\":\"GET\",\"url\":\"/v1/api/seo/dashboard/project?page=2\",\"status\":\"201\",\"responseTime\":\"39.598\"}","timestamp":"2025-05-13T18:14:09.847Z"}
{"level":"\u001b[32minfo\u001b[39m","message":"Connected to MongoDB","timestamp":"2025-05-13T18:14:41.745Z"}
{"level":"\u001b[32minfo\u001b[39m","message":"⚡ Server running on port 3101 ⚡","timestamp":"2025-05-13T18:14:41.752Z"}
{"level":"\u001b[32minfo\u001b[39m","message":"{\"method\":\"GET\",\"url\":\"/v1/api/seo/dashboard/project?page=2\",\"status\":\"201\",\"responseTime\":\"22.750\"}","timestamp":"2025-05-13T18:14:46.147Z"}
{"level":"\u001b[32minfo\u001b[39m","message":"Connected to MongoDB","timestamp":"2025-05-13T18:15:35.445Z"}
{"level":"\u001b[32minfo\u001b[39m","message":"⚡ Server running on port 3101 ⚡","timestamp":"2025-05-13T18:15:35.455Z"}
{"level":"\u001b[32minfo\u001b[39m","message":"Connected to MongoDB","timestamp":"2025-05-13T18:16:41.074Z"}
{"level":"\u001b[32minfo\u001b[39m","message":"⚡ Server running on port 3101 ⚡","timestamp":"2025-05-13T18:16:41.081Z"}
{"level":"\u001b[32minfo\u001b[39m","message":"{\"method\":\"GET\",\"url\":\"/v1/api/seo/dashboard/project?page=2\",\"status\":\"201\",\"responseTime\":\"23.618\"}","timestamp":"2025-05-13T18:16:45.296Z"}
{"level":"\u001b[32minfo\u001b[39m","message":"Connected to MongoDB","timestamp":"2025-05-13T18:17:24.257Z"}
{"level":"\u001b[32minfo\u001b[39m","message":"⚡ Server running on port 3101 ⚡","timestamp":"2025-05-13T18:17:24.266Z"}
{"level":"\u001b[32minfo\u001b[39m","message":"{\"method\":\"GET\",\"url\":\"/v1/api/seo/dashboard/project?page=2\",\"status\":\"201\",\"responseTime\":\"30.549\"}","timestamp":"2025-05-13T18:17:33.758Z"}
{"level":"\u001b[32minfo\u001b[39m","message":"Connected to MongoDB","timestamp":"2025-05-13T18:18:28.399Z"}
{"level":"\u001b[32minfo\u001b[39m","message":"⚡ Server running on port 3101 ⚡","timestamp":"2025-05-13T18:18:28.404Z"}
{"level":"\u001b[32minfo\u001b[39m","message":"{\"method\":\"GET\",\"url\":\"/v1/api/seo/dashboard/project?page=2\",\"status\":\"201\",\"responseTime\":\"19.414\"}","timestamp":"2025-05-13T18:18:30.390Z"}
{"level":"\u001b[32minfo\u001b[39m","message":"Connected to MongoDB","timestamp":"2025-05-13T18:18:44.590Z"}
{"level":"\u001b[32minfo\u001b[39m","message":"⚡ Server running on port 3101 ⚡","timestamp":"2025-05-13T18:18:44.603Z"}
{"level":"\u001b[32minfo\u001b[39m","message":"Connected to MongoDB","timestamp":"2025-05-13T18:22:18.659Z"}
{"level":"\u001b[32minfo\u001b[39m","message":"⚡ Server running on port 3101 ⚡","timestamp":"2025-05-13T18:22:18.669Z"}
{"level":"\u001b[32minfo\u001b[39m","message":"{\"method\":\"GET\",\"url\":\"/v1/api/seo/dashboard/project?page=2\",\"status\":\"201\",\"responseTime\":\"32.457\"}","timestamp":"2025-05-13T18:22:23.566Z"}
{"level":"\u001b[32minfo\u001b[39m","message":"{\"method\":\"GET\",\"url\":\"/v1/api/seo/dashboard/project?page=1\",\"status\":\"201\",\"responseTime\":\"15.737\"}","timestamp":"2025-05-13T18:22:31.951Z"}
{"level":"\u001b[32minfo\u001b[39m","message":"Connected to MongoDB","timestamp":"2025-05-13T18:26:09.338Z"}
{"level":"\u001b[32minfo\u001b[39m","message":"⚡ Server running on port 3101 ⚡","timestamp":"2025-05-13T18:26:09.346Z"}
{"level":"\u001b[32minfo\u001b[39m","message":"{\"method\":\"GET\",\"url\":\"/v1/api/seo/dashboard/project?page=1\",\"status\":\"401\",\"responseTime\":\"10.869\"}","timestamp":"2025-05-13T18:26:17.867Z"}
{"level":"\u001b[32minfo\u001b[39m","message":"{\"method\":\"POST\",\"url\":\"/v1/api/auth/login\",\"status\":\"200\",\"responseTime\":\"171.334\"}","timestamp":"2025-05-13T18:26:23.829Z"}
{"level":"\u001b[32minfo\u001b[39m","message":"{\"method\":\"GET\",\"url\":\"/v1/api/seo/dashboard/project?page=1\",\"status\":\"201\",\"responseTime\":\"30.277\"}","timestamp":"2025-05-13T18:26:28.435Z"}
{"level":"\u001b[32minfo\u001b[39m","message":"Connected to MongoDB","timestamp":"2025-05-13T18:27:15.321Z"}
{"level":"\u001b[32minfo\u001b[39m","message":"⚡ Server running on port 3101 ⚡","timestamp":"2025-05-13T18:27:15.327Z"}
{"level":"\u001b[32minfo\u001b[39m","message":"Connected to MongoDB","timestamp":"2025-05-13T18:28:22.354Z"}
{"level":"\u001b[32minfo\u001b[39m","message":"⚡ Server running on port 3101 ⚡","timestamp":"2025-05-13T18:28:22.362Z"}
{"level":"\u001b[32minfo\u001b[39m","message":"{\"method\":\"GET\",\"url\":\"/v1/api/seo/dashboard/project?page=1\",\"status\":\"201\",\"responseTime\":\"68.628\"}","timestamp":"2025-05-13T18:28:29.744Z"}
{"level":"\u001b[32minfo\u001b[39m","message":"{\"method\":\"GET\",\"url\":\"/v1/api/seo/dashboard/project?page=2\",\"status\":\"201\",\"responseTime\":\"8.716\"}","timestamp":"2025-05-13T18:28:38.419Z"}
